------ Launching COMPSs application ------

----------------- Executing  --------------------------


------------------------------------------------------------
PROVENANCE | Setting 'graph' to 'true' by default
PROVENANCE | Setting YAML to 'BUG-CAELESTIS-GSA.yaml'
PROVENANCE | Zipping the resulting COMPSs RO-Crate
PROVENANCE | Setting provenance folder to '55_NODES_MN5_RUN4'
[ INFO ] Inferred PYTHON language
[ INFO ] Using default execution type: compss
PROVENANCE | PROFILING | Profiling interval set to 5 second(s)

----------------- Executing api.py --------------------------

[(511)    API]  -  Starting COMPSs Runtime v3.4.rc1 (build 20260310-1622.refb59ab5d2779ea8d26efca3c9416bbfe42d7f50)
[(895771)    API]  -  Execution Finished

------------------------------------------------------------
PROVENANCE | STARTING WORKFLOW PROVENANCE SCRIPT
PROVENANCE | Destination folder: 55_NODES_MN5_RUN4
PROVENANCE | If needed, Provenance generation can be triggered by hand using the following commands:
	/apps/GPP/COMPSs/TrunkFL/Runtime/scripts/utils/compss_gengraph svg /home/bsc/bsc019057/.COMPSs/38030732//monitor/complete_graph.dot
	export PYTHONPATH=/apps/GPP/COMPSs/TrunkFL/Runtime/scripts/system/:$PYTHONPATH
	python3 /apps/GPP/COMPSs/TrunkFL/Runtime/scripts/system/provenance/generate_COMPSs_RO-Crate.py BUG-CAELESTIS-GSA.yaml /home/bsc/bsc019057/.COMPSs/38030732/ 55_NODES_MN5_RUN4 true
PROVENANCE | TIP for BSC cluster users: before triggering generation by hand, run first: salloc --account=<your_group> --qos=gp_debug -p interactive
PROVENANCE | Generating graph for Workflow Provenance
PROVENANCE | Number of edges in the graph: 3527
Output file: /home/bsc/bsc019057/.COMPSs/38030732//monitor/complete_graph.svg
INFO: Generating Graph with legend
DONE
PROVENANCE | Ended generating graph for Workflow Provenance. TIME: 6 s
PROVENANCE | STARTING RO-CRATE GENERATION SCRIPT
PROVENANCE | PROFILING | Profiling plots generation TIME: 53.86 s.
PROVENANCE | COMPSs version: '3.4.rc1', main_entity: '/gpfs/projects/bsc19/bsc019057/GENERAL-SENSITIVITY-ANALYSIS/Workflows/WORKFLOWS/api.py'
PROVENANCE | COMPSs runtime detected inputs (0)
PROVENANCE | COMPSs runtime detected outputs (0)
PROVENANCE | dataprovenance.log processing TIME: 0.024009227752685547 s
PROVENANCE | 'softwareRequirements' dependency correctly added: Alya ()
PROVENANCE | Application source files detected (23)
PROVENANCE | RO-Crate adding source files TIME: 0.011355876922607422 s
PROVENANCE | RO-Crate adding input files TIME (Persistence: True): 2.384185791015625e-06 s
PROVENANCE | RO-Crate adding output files TIME (Persistence: True): 7.152557373046875e-07 s
PROVENANCE | Added resource profiling information TIME: 0.12254619598388672 s
PROVENANCE | RO-Crate adding CreateAction TIME: 0.16721820831298828 s
PROVENANCE | RO-Crate Provenance Run Crate profile total TIME: 1.1655941009521484 s
