Picked up JAVA_TOOL_OPTIONS: -Xss4m
WARNING: Runtime environment or build system does not support multi-release JARs. This will impact location-based features.
WARNING: COMPSs Properties file is null. Setting default values
[ERRMGR]  -  WARNING: Job 28, running Task 28 on worker gs10r2b47-ib0, has failed.
[ERRMGR]  -  WARNING: Resubmitting job to the same worker.
[ERRMGR]  -  WARNING: Job 28, running Task 28 on worker gs10r2b47-ib0, has failed.
[ERRMGR]  -  WARNING: Task 28 execution on worker gs10r2b47-ib0 has failed; rescheduling task execution. (changing worker)
[ERRMGR]  -  WARNING: Job 29, running Task 28 on worker gs10r2b47-ib0, has failed.
[ERRMGR]  -  WARNING: Resubmitting job to the same worker.
[ERRMGR]  -  WARNING: Job 29, running Task 28 on worker gs10r2b47-ib0, has failed.
[ERRMGR]  -  WARNING: Task 28 has already been rescheduled; notifying task failure.
[ERRMGR]  -  WARNING: Task 'lysozyme_in_water_full.merge_results' TOTALLY FAILED.
                      Possible causes:
                           -Exception thrown by task 'lysozyme_in_water_full.merge_results'.
                           -Expected output files not generated by task 'lysozyme_in_water_full.merge_results'.
                           -Could not provide nor retrieve needed data between master and worker.
                      
                      Check files '/home/bsc/bsc019057/.COMPSs/35526055/jobs/job[28|29'] to find out the error.
                       
[ERRMGR]  -  ERROR:   Task failed: [[Task id: 28], [Status: FAILED], [Core id: 8], [Priority: false], [NumNodes: 1], [MustReplicate: false], [MustDistribute: false], [lysozyme_in_water_full.merge_results(COLLECTION_T, FILE_T)]]
[ERRMGR]  -  Shutting down COMPSs...

[BINDING-COMMONS] ERROR: Exception received when calling stopIT.. 
Exception in thread "APPLICATION" java.lang.RuntimeException: Runtime already stopped
	at es.bsc.compss.api.impl.COMPSsRuntimeImpl.stopIT(COMPSsRuntimeImpl.java:371)
[31mError running application(B[m
