Picked up JAVA_TOOL_OPTIONS: -Xss4m
WARNING: Runtime environment or build system does not support multi-release JARs. This will impact location-based features.
WARNING: COMPSs Properties file is null. Setting default values
srun: error: mpi/pmi2: failed to unpack kvs fence message
srun: error: mpi/pmi2: failed to unpack kvs fence message
srun: error: mpi/pmi2: failed to unpack kvs fence message
srun: error: mpi/pmi2: failed to unpack kvs fence message
srun: error: mpi/pmi2: failed to unpack kvs fence message
srun: error: mpi/pmi2: failed to unpack kvs fence message
srun: error: mpi/pmi2: failed to unpack kvs fence message
srun: error: mpi/pmi2: failed to unpack kvs fence message
srun: error: mpi/pmi2: failed to unpack kvs fence message
srun: error: mpi/pmi2: failed to unpack kvs fence message
srun: error: mpi/pmi2: failed to unpack kvs fence message
srun: error: mpi/pmi2: failed to unpack kvs fence message
srun: error: mpi/pmi2: failed to unpack kvs fence message
srun: error: mpi/pmi2: failed to unpack kvs fence message
srun: error: mpi/pmi2: failed to unpack kvs fence message
srun: error: mpi/pmi2: failed to unpack kvs fence message
srun: error: mpi/pmi2: failed to unpack kvs fence message
srun: error: mpi/pmi2: failed to unpack kvs fence message
srun: error: mpi/pmi2: failed to unpack kvs fence message
srun: error: mpi/pmi2: failed to unpack kvs fence message
srun: error: mpi/pmi2: failed to unpack kvs fence message
srun: error: mpi/pmi2: failed to unpack kvs fence message
srun: error: mpi/pmi2: failed to unpack kvs fence message
srun: error: mpi/pmi2: failed to unpack kvs fence message
srun: error: mpi/pmi2: failed to unpack kvs fence message
srun: error: mpi/pmi2: failed to unpack kvs fence message
srun: error: mpi/pmi2: failed to unpack kvs fence message
srun: error: mpi/pmi2: failed to unpack kvs fence message
srun: error: mpi/pmi2: failed to unpack kvs fence message
srun: error: mpi/pmi2: failed to unpack kvs fence message
srun: error: mpi/pmi2: failed to unpack kvs fence message
srun: error: mpi/pmi2: failed to unpack kvs fence message
srun: error: mpi/pmi2: failed to unpack kvs fence message
srun: error: mpi/pmi2: failed to unpack kvs fence message
srun: error: mpi/pmi2: failed to unpack kvs fence message
srun: error: mpi/pmi2: failed to unpack kvs fence message
srun: error: mpi/pmi2: failed to unpack kvs fence message
srun: error: mpi/pmi2: failed to unpack kvs fence message
srun: error: mpi/pmi2: failed to unpack kvs fence message
srun: error: mpi/pmi2: failed to unpack kvs fence message
srun: error: mpi/pmi2: failed to unpack kvs fence message
srun: error: mpi/pmi2: failed to unpack kvs fence message
srun: error: mpi/pmi2: failed to unpack kvs fence message
srun: error: mpi/pmi2: failed to unpack kvs fence message
srun: error: mpi/pmi2: failed to unpack kvs fence message
srun: error: mpi/pmi2: failed to unpack kvs fence message
srun: error: mpi/pmi2: failed to unpack kvs fence message
srun: error: mpi/pmi2: failed to unpack kvs fence message
srun: error: mpi/pmi2: failed to unpack kvs fence message
srun: error: mpi/pmi2: failed to unpack kvs fence message
srun: error: mpi/pmi2: failed to unpack kvs fence message
srun: error: mpi/pmi2: failed to unpack kvs fence message
srun: error: mpi/pmi2: failed to unpack kvs fence message
srun: error: mpi/pmi2: failed to unpack kvs fence message
srun: error: mpi/pmi2: failed to unpack kvs fence message
srun: error: mpi/pmi2: failed to unpack kvs fence message
srun: error: mpi/pmi2: failed to unpack kvs fence message
srun: error: mpi/pmi2: failed to unpack kvs fence message
srun: error: mpi/pmi2: failed to unpack kvs fence message
srun: error: mpi/pmi2: failed to unpack kvs fence message
srun: error: mpi/pmi2: failed to unpack kvs fence message
srun: error: mpi/pmi2: failed to unpack kvs fence message
srun: error: mpi/pmi2: failed to unpack kvs fence message
srun: error: mpi/pmi2: failed to unpack kvs fence message
srun: error: mpi/pmi2: failed to unpack kvs fence message
srun: error: mpi/pmi2: failed to unpack kvs fence message
srun: error: mpi/pmi2: failed to unpack kvs fence message
srun: error: mpi/pmi2: failed to unpack kvs fence message
srun: error: mpi/pmi2: failed to unpack kvs fence message
srun: error: mpi/pmi2: failed to unpack kvs fence message
srun: error: mpi/pmi2: failed to unpack kvs fence message
srun: error: mpi/pmi2: failed to unpack kvs fence message
srun: error: mpi/pmi2: failed to unpack kvs fence message
srun: error: mpi/pmi2: failed to unpack kvs fence message
srun: error: mpi/pmi2: failed to unpack kvs fence message
srun: error: mpi/pmi2: failed to unpack kvs fence message
srun: error: mpi/pmi2: failed to unpack kvs fence message
srun: error: mpi/pmi2: failed to unpack kvs fence message
srun: error: mpi/pmi2: failed to unpack kvs fence message
srun: error: mpi/pmi2: failed to unpack kvs fence message
srun: error: mpi/pmi2: failed to unpack kvs fence message
srun: error: mpi/pmi2: failed to unpack kvs fence message
srun: error: mpi/pmi2: failed to unpack kvs fence message
srun: error: mpi/pmi2: failed to unpack kvs fence message
srun: error: mpi/pmi2: failed to unpack kvs fence message
srun: error: mpi/pmi2: failed to unpack kvs fence message
srun: error: mpi/pmi2: failed to unpack kvs fence message
srun: error: mpi/pmi2: failed to unpack kvs fence message
srun: error: mpi/pmi2: failed to unpack kvs fence message
srun: error: mpi/pmi2: failed to unpack kvs fence message
srun: error: mpi/pmi2: failed to unpack kvs fence message
srun: error: mpi/pmi2: failed to unpack kvs fence message
srun: error: mpi/pmi2: failed to unpack kvs fence message
[ERRMGR]  -  WARNING: There was an exception when initiating worker gs23r1b01-ib0.
                      Stack trace:
                      es.bsc.compss.exceptions.InitNodeException: [START_CMD_ERROR]: An Error has occurred when queue system started NIO worker in resource gs23r1b01-ib0. Retries not available in this option.
                      	at es.bsc.compss.nio.master.WorkerStarter.killPreviousWorker(WorkerStarter.java:259)
                      	at es.bsc.compss.nio.master.WorkerStarter.startWorker(WorkerStarter.java:134)
                      	at es.bsc.compss.nio.master.NIOWorkerNode.start(NIOWorkerNode.java:141)
                      	at es.bsc.compss.types.resources.ResourceImpl.start(ResourceImpl.java:167)
                      	at es.bsc.compss.scheduler.types.allocatableactions.StartWorkerAction$2.run(StartWorkerAction.java:130)
[ERRMGR]  -  WARNING: Exception creating worker. Check runtime.log for more details
                      Stack trace:
                      es.bsc.compss.exceptions.InitNodeException: [START_CMD_ERROR]: An Error has occurred when queue system started NIO worker in resource gs23r1b01-ib0. Retries not available in this option.
                      	at es.bsc.compss.nio.master.WorkerStarter.killPreviousWorker(WorkerStarter.java:259)
                      	at es.bsc.compss.nio.master.WorkerStarter.startWorker(WorkerStarter.java:134)
                      	at es.bsc.compss.nio.master.NIOWorkerNode.start(NIOWorkerNode.java:141)
                      	at es.bsc.compss.types.resources.ResourceImpl.start(ResourceImpl.java:167)
                      	at es.bsc.compss.scheduler.types.allocatableactions.StartWorkerAction$2.run(StartWorkerAction.java:130)
/apps/GPP/COMPSs/TrunkFL/Runtime/scripts/system/provenance/wrroc/profiling_plots.py:258: UserWarning: Tight layout not applied. The bottom and top margins cannot be made large enough to accommodate all axes decorations.
  plt.tight_layout()
/apps/GPP/COMPSs/TrunkFL/Runtime/scripts/system/provenance/wrroc/profiling_plots.py:258: UserWarning: Tight layout not applied. The bottom and top margins cannot be made large enough to accommodate all axes decorations.
  plt.tight_layout()
