[EXECUTOR] executeTask - Error in task execution
sk.worker worker - WORKER EXCEPTION IN Process-111
Traceback (most recent call last):
  File "/apps/GPP/COMPSs/TrunkRSP/Bindings/python/3/pycompss/worker/commons/worker.py", line 375, in task_execution
    task_output = getattr(module, method_name)(
                  ^^^^^^^^^^^^^^^^^^^^^^^^^^^^^
  File "/apps/GPP/COMPSs/TrunkRSP/Bindings/python/3/pycompss/api/task.py", line 164, in task_decorator
    return self.__decorator_body__(user_function, args, kwargs)
           ^^^^^^^^^^^^^^^^^^^^^^^^^^^^^^^^^^^^^^^^^^^^^^^^^^^^
  File "/apps/GPP/COMPSs/TrunkRSP/Bindings/python/3/pycompss/api/task.py", line 227, in __decorator_body__
    worker_result = worker.call(*args, **kwargs)
                    ^^^^^^^^^^^^^^^^^^^^^^^^^^^^
  File "/apps/GPP/COMPSs/TrunkRSP/Bindings/python/3/pycompss/runtime/task/worker.py", line 294, in call
    result = self.execute_user_code(
             ^^^^^^^^^^^^^^^^^^^^^^^
  File "/apps/GPP/COMPSs/TrunkRSP/Bindings/python/3/pycompss/runtime/task/worker.py", line 1248, in execute_user_code
    user_returns = self.user_function(
                   ^^^^^^^^^^^^^^^^^^^
  File "/home/bsc/bsc019057/TESTING/TUTORIAL_2026/lysozyme_in_water/src/lysozyme_in_water_full.py", line 161, in merge_results
    exit(7)
  File "<frozen _sitebuiltins>", line 26, in __call__
SystemExit: 7
2026-01-28 16:10:02,474 ERROR pycompss.runtime.task.worker worker - Traceback (most recent call last):
  File "/apps/GPP/COMPSs/TrunkRSP/Bindings/python/3/pycompss/worker/commons/worker.py", line 375, in task_execution
    task_output = getattr(module, method_name)(
                  ^^^^^^^^^^^^^^^^^^^^^^^^^^^^^
  File "/apps/GPP/COMPSs/TrunkRSP/Bindings/python/3/pycompss/api/task.py", line 164, in task_decorator
    return self.__decorator_body__(user_function, args, kwargs)
           ^^^^^^^^^^^^^^^^^^^^^^^^^^^^^^^^^^^^^^^^^^^^^^^^^^^^
  File "/apps/GPP/COMPSs/TrunkRSP/Bindings/python/3/pycompss/api/task.py", line 227, in __decorator_body__
    worker_result = worker.call(*args, **kwargs)
                    ^^^^^^^^^^^^^^^^^^^^^^^^^^^^
  File "/apps/GPP/COMPSs/TrunkRSP/Bindings/python/3/pycompss/runtime/task/worker.py", line 294, in call
    result = self.execute_user_code(
             ^^^^^^^^^^^^^^^^^^^^^^^
  File "/apps/GPP/COMPSs/TrunkRSP/Bindings/python/3/pycompss/runtime/task/worker.py", line 1248, in execute_user_code
    user_returns = self.user_function(
                   ^^^^^^^^^^^^^^^^^^^
  File "/home/bsc/bsc019057/TESTING/TUTORIAL_2026/lysozyme_in_water/src/lysozyme_in_water_full.py", line 161, in merge_results
    exit(7)
  File "<frozen _sitebuiltins>", line 26, in __call__
SystemExit: 7
Traceback (most recent call last):
  File "/apps/GPP/COMPSs/TrunkRSP/Bindings/python/3/pycompss/worker/commons/worker.py", line 375, in task_execution
    task_output = getattr(module, method_name)(
                  ^^^^^^^^^^^^^^^^^^^^^^^^^^^^^
  File "/apps/GPP/COMPSs/TrunkRSP/Bindings/python/3/pycompss/api/task.py", line 164, in task_decorator
    return self.__decorator_body__(user_function, args, kwargs)
           ^^^^^^^^^^^^^^^^^^^^^^^^^^^^^^^^^^^^^^^^^^^^^^^^^^^^
  File "/apps/GPP/COMPSs/TrunkRSP/Bindings/python/3/pycompss/api/task.py", line 227, in __decorator_body__
    worker_result = worker.call(*args, **kwargs)
                    ^^^^^^^^^^^^^^^^^^^^^^^^^^^^
  File "/apps/GPP/COMPSs/TrunkRSP/Bindings/python/3/pycompss/runtime/task/worker.py", line 294, in call
    result = self.execute_user_code(
             ^^^^^^^^^^^^^^^^^^^^^^^
  File "/apps/GPP/COMPSs/TrunkRSP/Bindings/python/3/pycompss/runtime/task/worker.py", line 1248, in execute_user_code
    user_returns = self.user_function(
                   ^^^^^^^^^^^^^^^^^^^
  File "/home/bsc/bsc019057/TESTING/TUTORIAL_2026/lysozyme_in_water/src/lysozyme_in_water_full.py", line 161, in merge_results
    exit(7)
  File "<frozen _sitebuiltins>", line 26, in __call__
SystemExit: 7
